#
# A fatal error has been detected by the Java Runtime Environment:
#
#  SIGSEGV (0xb) at pc=0x0000000104f04d66, pid=46636, tid=0x0000000000005303
#
# JRE version: Java(TM) SE Runtime Environment (8.0_181-b13) (build 1.8.0_181-b13)
# Java VM: Java HotSpot(TM) 64-Bit Server VM (25.181-b13 mixed mode bsd-amd64 compressed oops)
# Problematic frame:
# V  [libjvm.dylib+0x504d66]  SignatureIterator::expect(char)+0x14
#
# Failed to write core dump. Core dumps have been disabled. To enable core dumping, try "ulimit -c unlimited" before starting Java again
#
# If you would like to submit a bug report, please visit:
#   http://bugreport.java.com/bugreport/crash.jsp
#

---------------  T H R E A D  ---------------

Current thread (0x00007fa87f005000):  VMThread [stack: 0x000070000ce3a000,0x000070000cf3a000] [id=21251]

siginfo: si_signo: 11 (SIGSEGV), si_code: 1 (SEGV_MAPERR), si_addr: 0x0000000000000008

Registers:
RAX=0x0000000000000000, RBX=0x000070000cf390a8, RCX=0x0000000000000000, RDX=0x0000000000000000
RSP=0x000070000cf38f40, RBP=0x000070000cf39050, RSI=0x0000000000000028, RDI=0x000070000cf390a8
R8 =0x00000000000000c9, R9 =0x0000000042000000, R10=0x0000000000000050, R11=0xfffffffffffffb60
R12=0x000070000cf390a8, R13=0x0000000106dfef30, R14=0x0000000000000000, R15=0x000070000cf396d8
RIP=0x0000000104f04d66, EFLAGS=0x0000000000010202, ERR=0x0000000000000004
  TRAPNO=0x000000000000000e

Top of Stack: (sp=0x000070000cf38f40)
0x000070000cf38f40:   000070000cf38f70 0000000104f04beb
0x000070000cf38f50:   0000000000000000 000070000cf38fc8
0x000070000cf38f60:   000070000cf38f90 0000000104f04b74
0x000070000cf38f70:   000070000cf38fb0 000070000cf38fc8
0x000070000cf38f80:   0000000000000001 000070000cf38fc8
0x000070000cf38f90:   000070000cf38fb0 0000000104c87c9b
0x000070000cf38fa0:   0000000000000000 000070000cf38ff4
0x000070000cf38fb0:   000070000cf39430 0000000104c88c5f
0x000070000cf38fc0:   0000000000000000 000000010522a1c0
0x000070000cf38fd0:   00007fa87e639b10 000000000000002c
0x000070000cf38fe0:   000000000000000d 000070000cf38ff8
0x000070000cf38ff0:   0000000000000003 4fffffff4fffffff
0x000070000cf39000:   000000004fffffff 0000000000000000
0x000070000cf39010:   0000000000000000 0000000000000001
0x000070000cf39020:   000070000cf39050 0000000104f04abe
0x000070000cf39030:   000070000cf39070 000070000cf390a8
0x000070000cf39040:   000070000cf390a8 000070000cf390a8
0x000070000cf39050:   000070000cf39090 0000000104f04e66
0x000070000cf39060:   0000000000000001 00000000000000c9
0x000070000cf39070:   000070000cf390a8 0000000106dfef30
0x000070000cf39080:   0000000000000000 000070000cf396d8
0x000070000cf39090:   000070000cf39510 0000000104c88b69
0x000070000cf390a0:   000070000cf390d0 000000010522a1c0
0x000070000cf390b0:   0000000000000000 0000000000000000
0x000070000cf390c0:   000070000000000a 000070000cf394e0
0x000070000cf390d0:   0000700000000000 4fffffff4fffffff
0x000070000cf390e0:   000000002fffffff 000070000cf39128
0x000070000cf390f0:   000070000cf39110 0000000000000001
0x000070000cf39100:   00007fa87e703d90 00007fa87e42e730
0x000070000cf39110:   000070000cf39150 0000000104e84b52
0x000070000cf39120:   00007fa87e703da4 0000000000000001
0x000070000cf39130:   000000004fffffff 0000000106dfe820 

Instructions: (pc=0x0000000104f04d66)
0x0000000104f04d46:   df 48 83 c4 08 5b 5d e9 7c ff ff ff 55 48 89 e5
0x0000000104f04d56:   53 48 81 ec 08 01 00 00 48 63 47 10 48 8b 4f 08
0x0000000104f04d66:   40 38 74 01 08 48 89 fb 74 39 40 0f be d6 48 8d
0x0000000104f04d76:   bd f0 fe ff ff 48 8d 35 4f 7a 11 00 30 c0 e8 1f 

Register to memory mapping:

RAX=0x0000000000000000 is an unknown value
RBX=0x000070000cf390a8 is an unknown value
RCX=0x0000000000000000 is an unknown value
RDX=0x0000000000000000 is an unknown value
RSP=0x000070000cf38f40 is an unknown value
RBP=0x000070000cf39050 is an unknown value
RSI=0x0000000000000028 is an unknown value
RDI=0x000070000cf390a8 is an unknown value
R8 =0x00000000000000c9 is an unknown value
R9 =0x0000000042000000 is an unknown value
R10=0x0000000000000050 is an unknown value
R11=0xfffffffffffffb60 is an unknown value
R12=0x000070000cf390a8 is an unknown value
R13={method} {0x0000000106dfef30} 'createFrames' '(Ljava/util/ArrayList;Ljava/util/ArrayList;)[Lcs3500/easyanimator/Frame;' in 'cs3500/easyanimator/AnimatorModelImpl'
R14=0x0000000000000000 is an unknown value
R15=0x000070000cf396d8 is an unknown value


Stack: [0x000070000ce3a000,0x000070000cf3a000],  sp=0x000070000cf38f40,  free space=1019k
Native frames: (J=compiled Java code, j=interpreted, Vv=VM code, C=native code)
V  [libjvm.dylib+0x504d66]  SignatureIterator::expect(char)+0x14
V  [libjvm.dylib+0x504e66]  SignatureIterator::iterate_returntype()+0x28
V  [libjvm.dylib+0x288b69]  GenerateOopMap::do_method(int, int, int, int)+0x71
V  [libjvm.dylib+0x28a833]  GenerateOopMap::interp_bb(BasicBlock*)+0x14b
V  [libjvm.dylib+0x28aa3b]  GenerateOopMap::interp_all()+0x31
V  [libjvm.dylib+0x28afd2]  GenerateOopMap::do_interpretation()+0x44
V  [libjvm.dylib+0x28b3eb]  GenerateOopMap::compute_map(Thread*)+0x1fb
V  [libjvm.dylib+0x485331]  OopMapForCacheEntry::compute_map(Thread*)+0x8f
V  [libjvm.dylib+0x48553a]  OopMapCacheEntry::fill(methodHandle, int)+0x19e
V  [libjvm.dylib+0x48571b]  OopMapCache::compute_one_oop_map(methodHandle, int, InterpreterOopMap*)+0x16b
V  [libjvm.dylib+0x4859d2]  OopMapCache::lookup(methodHandle, int, InterpreterOopMap*) const+0x25c
V  [libjvm.dylib+0x2c2b04]  InstanceKlass::mask_for(methodHandle, int, InterpreterOopMap*)+0xd2
V  [libjvm.dylib+0x45306d]  Method::mask_for(int, InterpreterOopMap*)+0xb3
V  [libjvm.dylib+0x39afbf]  VM_GetOrSetLocal::doit()+0x47
V  [libjvm.dylib+0x5bd499]  VM_Operation::evaluate()+0x4f
V  [libjvm.dylib+0x5bba31]  VMThread::evaluate_operation(VM_Operation*)+0xdf
V  [libjvm.dylib+0x5bbe7e]  VMThread::loop()+0x328
V  [libjvm.dylib+0x5bb79d]  VMThread::run()+0x79
V  [libjvm.dylib+0x48e342]  java_start(Thread*)+0xf6
C  [libsystem_pthread.dylib+0x36c1]  _pthread_body+0x154
C  [libsystem_pthread.dylib+0x356d]  _pthread_body+0x0
C  [libsystem_pthread.dylib+0x2c5d]  thread_start+0xd

VM_Operation (0x000070000d3c8938): GetOrSetLocal, mode: safepoint, requested by thread 0x00007fa87f04c800


---------------  P R O C E S S  ---------------

Java Threads: ( => current thread )
  0x00007fa87f0b6000 JavaThread "Service Thread" daemon [_thread_blocked, id=16643, stack(0x000070000d8db000,0x000070000d9db000)]
  0x00007fa87f87b800 JavaThread "C1 CompilerThread2" daemon [_thread_blocked, id=15107, stack(0x000070000d7d8000,0x000070000d8d8000)]
  0x00007fa87f830000 JavaThread "C2 CompilerThread1" daemon [_thread_blocked, id=17411, stack(0x000070000d6d5000,0x000070000d7d5000)]
  0x00007fa880012000 JavaThread "C2 CompilerThread0" daemon [_thread_blocked, id=17923, stack(0x000070000d5d2000,0x000070000d6d2000)]
  0x00007fa87f04b800 JavaThread "JDWP Command Reader" daemon [_thread_in_native, id=14595, stack(0x000070000d4cf000,0x000070000d5cf000)]
  0x00007fa87e83a800 JavaThread "JDWP Event Helper Thread" daemon [_thread_blocked, id=18179, stack(0x000070000d3cc000,0x000070000d4cc000)]
  0x00007fa87f04c800 JavaThread "JDWP Transport Listener: dt_socket" daemon [_thread_blocked, id=13831, stack(0x000070000d2c9000,0x000070000d3c9000)]
  0x00007fa87e83a000 JavaThread "Signal Dispatcher" daemon [_thread_blocked, id=18435, stack(0x000070000d1c6000,0x000070000d2c6000)]
  0x00007fa880018800 JavaThread "Finalizer" daemon [_thread_blocked, id=20739, stack(0x000070000d040000,0x000070000d140000)]
  0x00007fa87f00b800 JavaThread "Reference Handler" daemon [_thread_blocked, id=20995, stack(0x000070000cf3d000,0x000070000d03d000)]
  0x00007fa87e81a000 JavaThread "main" [_thread_blocked, id=6659, stack(0x000070000c92b000,0x000070000ca2b000)]

Other Threads:
=>0x00007fa87f005000 VMThread [stack: 0x000070000ce3a000,0x000070000cf3a000] [id=21251]
  0x00007fa87f085800 WatcherThread [stack: 0x000070000d9de000,0x000070000dade000] [id=15619]

VM state:at safepoint (normal execution)

VM Mutex/Monitor currently owned by a thread:  ([mutex/lock_event])
[0x00007fa87e701aa0] Threads_lock - owner thread: 0x00007fa87f005000

Heap:
 PSYoungGen      total 38400K, used 8679K [0x0000000795580000, 0x0000000798000000, 0x00000007c0000000)
  eden space 33280K, 26% used [0x0000000795580000,0x0000000795df9c00,0x0000000797600000)
  from space 5120K, 0% used [0x0000000797b00000,0x0000000797b00000,0x0000000798000000)
  to   space 5120K, 0% used [0x0000000797600000,0x0000000797600000,0x0000000797b00000)
 ParOldGen       total 87552K, used 0K [0x0000000740000000, 0x0000000745580000, 0x0000000795580000)
  object space 87552K, 0% used [0x0000000740000000,0x0000000740000000,0x0000000745580000)
 Metaspace       used 4767K, capacity 5254K, committed 5504K, reserved 1056768K
  class space    used 540K, capacity 561K, committed 640K, reserved 1048576K

Card table byte_map: [0x0000000105eaf000,0x00000001062b0000] byte_map_base: 0x00000001024af000

Marking Bits: (ParMarkBitMap*) 0x00000001052f9cd0
 Begin Bits: [0x00000001186b2000, 0x000000011a6b2000)
 End Bits:   [0x000000011a6b2000, 0x000000011c6b2000)

Polling page: 0x00000001059f8000

CodeCache: size=245760Kb used=1874Kb max_used=1891Kb free=243885Kb
 bounds [0x00000001096b2000, 0x0000000109922000, 0x00000001186b2000]
 total_blobs=544 nmethods=284 adapters=182
 compilation: enabled

Compilation events (10 events):
Event: 0.831 Thread 0x00007fa880012000 nmethod 261 0x000000010987bf90 code [0x000000010987c220, 0x000000010987d610]
Event: 0.831 Thread 0x00007fa87f87b800  280   !   3       sun.misc.URLClassPath$FileLoader::getResource (164 bytes)
Event: 0.834 Thread 0x00007fa87f87b800 nmethod 280 0x0000000109878c90 code [0x0000000109879020, 0x000000010987ad58]
Event: 0.835 Thread 0x00007fa87f87b800  281   !   3       sun.misc.URLClassPath$JarLoader::getResource (353 bytes)
Event: 0.839 Thread 0x00007fa87f87b800 nmethod 281 0x000000010987eb50 code [0x000000010987efa0, 0x0000000109881098]
Event: 0.876 Thread 0x00007fa87f87b800  283       3       java.lang.StringBuffer::<init> (6 bytes)
Event: 0.876 Thread 0x00007fa87f87b800 nmethod 283 0x0000000109882fd0 code [0x0000000109883140, 0x00000001098833f0]
Event: 0.877 Thread 0x00007fa87f87b800  284       3       java.util.regex.Pattern$Single::isSatisfiedBy (14 bytes)
Event: 0.877 Thread 0x00007fa87f87b800 nmethod 284 0x0000000109883510 code [0x0000000109883680, 0x0000000109883830]
Event: 0.924 Thread 0x00007fa87f830000 nmethod 279 0x0000000109887dd0 code [0x00000001098880e0, 0x0000000109889998]

GC Heap History (0 events):
No events

Deoptimization events (0 events):
No events

Classes redefined (4 events):
Event: 221.655 Thread 0x00007fa87f005000 redefined class name=cs3500.easyanimator.model.AnimatorModelImpl, count=1
Event: 460.181 Thread 0x00007fa87f005000 redefined class name=cs3500.easyanimator.model.AnimatorModelImpl, count=2
Event: 485.289 Thread 0x00007fa87f005000 redefined class name=cs3500.easyanimator.model.AnimatorModelImpl, count=3
Event: 987.323 Thread 0x00007fa87f005000 redefined class name=cs3500.easyanimator.model.AnimatorModelImpl, count=4

Internal exceptions (7 events):
Event: 0.052 Thread 0x00007fa87e81a000 Exception <a 'java/lang/NoSuchMethodError': Method sun.misc.Unsafe.defineClass(Ljava/lang/String;[BII)Ljava/lang/Class; name or signature does not match> (0x0000000795587cb0) thrown at [/Users/java_re/workspace/8-2-build-macosx-x86_64/jdk8u181/11358/hotsp
Event: 0.052 Thread 0x00007fa87e81a000 Exception <a 'java/lang/NoSuchMethodError': Method sun.misc.Unsafe.prefetchRead(Ljava/lang/Object;J)V name or signature does not match> (0x0000000795587f98) thrown at [/Users/java_re/workspace/8-2-build-macosx-x86_64/jdk8u181/11358/hotspot/src/share/vm/pr
Event: 0.425 Thread 0x00007fa87e81a000 Exception <a 'java/io/FileNotFoundException'> (0x000000079588b990) thrown at [/Users/java_re/workspace/8-2-build-macosx-x86_64/jdk8u181/11358/hotspot/src/share/vm/prims/jni.cpp, line 709]
Event: 0.479 Thread 0x00007fa87e81a000 Exception <a 'java/security/PrivilegedActionException'> (0x0000000795984900) thrown at [/Users/java_re/workspace/8-2-build-macosx-x86_64/jdk8u181/11358/hotspot/src/share/vm/prims/jvm.cpp, line 1435]
Event: 0.480 Thread 0x00007fa87e81a000 Exception <a 'java/security/PrivilegedActionException'> (0x0000000795984b10) thrown at [/Users/java_re/workspace/8-2-build-macosx-x86_64/jdk8u181/11358/hotspot/src/share/vm/prims/jvm.cpp, line 1435]
Event: 0.480 Thread 0x00007fa87e81a000 Exception <a 'java/security/PrivilegedActionException'> (0x0000000795987e40) thrown at [/Users/java_re/workspace/8-2-build-macosx-x86_64/jdk8u181/11358/hotspot/src/share/vm/prims/jvm.cpp, line 1435]
Event: 0.480 Thread 0x00007fa87e81a000 Exception <a 'java/security/PrivilegedActionException'> (0x0000000795988050) thrown at [/Users/java_re/workspace/8-2-build-macosx-x86_64/jdk8u181/11358/hotspot/src/share/vm/prims/jvm.cpp, line 1435]

Events (10 events):
Event: 987.451 Executing VM operation: GetOrSetLocal done
Event: 987.461 Executing VM operation: GetOrSetLocal
Event: 987.461 Executing VM operation: GetOrSetLocal done
Event: 987.467 Executing VM operation: GetOrSetLocal
Event: 987.467 Executing VM operation: GetOrSetLocal done
Event: 987.468 Executing VM operation: GetOrSetLocal
Event: 987.468 Executing VM operation: GetOrSetLocal done
Event: 987.484 Executing VM operation: GetOrSetLocal
Event: 987.484 Executing VM operation: GetOrSetLocal done
Event: 987.590 Executing VM operation: GetOrSetLocal


Dynamic libraries:
0x00007fff39033000 	/System/Library/Frameworks/Cocoa.framework/Versions/A/Cocoa
0x00007fff453f0000 	/System/Library/Frameworks/Security.framework/Versions/A/Security
0x00007fff37ca2000 	/System/Library/Frameworks/ApplicationServices.framework/Versions/A/ApplicationServices
0x00007fff60f64000 	/usr/lib/libz.1.dylib
0x00007fff5ef78000 	/usr/lib/libSystem.B.dylib
0x00007fff60579000 	/usr/lib/libobjc.A.dylib
0x00007fff397cd000 	/System/Library/Frameworks/CoreFoundation.framework/Versions/A/CoreFoundation
0x00007fff3b903000 	/System/Library/Frameworks/Foundation.framework/Versions/C/Foundation
0x00007fff36df3000 	/System/Library/Frameworks/AppKit.framework/Versions/C/AppKit
0x00007fff393ab000 	/System/Library/Frameworks/CoreData.framework/Versions/A/CoreData
0x00007fff589a9000 	/System/Library/PrivateFrameworks/RemoteViewServices.framework/Versions/A/RemoteViewServices
0x00007fff5cffe000 	/System/Library/PrivateFrameworks/UIFoundation.framework/Versions/A/UIFoundation
0x00007fff4d9ef000 	/System/Library/PrivateFrameworks/DFRFoundation.framework/Versions/A/DFRFoundation
0x00007fff3ddda000 	/System/Library/Frameworks/Metal.framework/Versions/A/Metal
0x00007fff4db90000 	/System/Library/PrivateFrameworks/DesktopServicesPriv.framework/Versions/A/DesktopServicesPriv
0x00007fff5fb7b000 	/usr/lib/libenergytrace.dylib
0x00007fff5b122000 	/System/Library/PrivateFrameworks/SkyLight.framework/Versions/A/SkyLight
0x00007fff39c6f000 	/System/Library/Frameworks/CoreGraphics.framework/Versions/A/CoreGraphics
0x00007fff5ef73000 	/usr/lib/libScreenReader.dylib
0x00007fff35db4000 	/System/Library/Frameworks/Accelerate.framework/Versions/A/Accelerate
0x00007fff3c07a000 	/System/Library/Frameworks/IOSurface.framework/Versions/A/IOSurface
0x00007fff381ec000 	/System/Library/Frameworks/AudioToolbox.framework/Versions/A/AudioToolbox
0x00007fff38479000 	/System/Library/Frameworks/AudioUnit.framework/Versions/A/AudioUnit
0x00007fff4da8b000 	/System/Library/PrivateFrameworks/DataDetectorsCore.framework/Versions/A/DataDetectorsCore
0x00007fff38b3a000 	/System/Library/Frameworks/Carbon.framework/Versions/A/Frameworks/HIToolbox.framework/Versions/A/HIToolbox
0x00007fff5fcd5000 	/usr/lib/libicucore.A.dylib
0x00007fff4496f000 	/System/Library/Frameworks/QuartzCore.framework/Versions/A/QuartzCore
0x00007fff38f20000 	/System/Library/Frameworks/Carbon.framework/Versions/A/Frameworks/SpeechRecognition.framework/Versions/A/SpeechRecognition
0x00007fff5f0d4000 	/usr/lib/libauto.dylib
0x00007fff60e53000 	/usr/lib/libxml2.2.dylib
0x00007fff4d669000 	/System/Library/PrivateFrameworks/CoreUI.framework/Versions/A/CoreUI
0x00007fff39287000 	/System/Library/Frameworks/CoreAudio.framework/Versions/A/CoreAudio
0x00007fff3b73d000 	/System/Library/Frameworks/DiskArbitration.framework/Versions/A/DiskArbitration
0x00007fff5ff49000 	/usr/lib/liblangid.dylib
0x00007fff54ef8000 	/System/Library/PrivateFrameworks/MultitouchSupport.framework/Versions/A/MultitouchSupport
0x00007fff3bfdd000 	/System/Library/Frameworks/IOKit.framework/Versions/A/IOKit
0x00007fff5ec10000 	/usr/lib/libDiagnosticMessagesClient.dylib
0x00007fff3a92d000 	/System/Library/Frameworks/CoreServices.framework/Versions/A/CoreServices
0x00007fff56992000 	/System/Library/PrivateFrameworks/PerformanceAnalysis.framework/Versions/A/PerformanceAnalysis
0x00007fff43b19000 	/System/Library/Frameworks/OpenGL.framework/Versions/A/OpenGL
0x00007fff39041000 	/System/Library/Frameworks/ColorSync.framework/Versions/A/ColorSync
0x00007fff3a27e000 	/System/Library/Frameworks/CoreImage.framework/Versions/A/CoreImage
0x00007fff3b2ae000 	/System/Library/Frameworks/CoreText.framework/Versions/A/CoreText
0x00007fff3c0d8000 	/System/Library/Frameworks/ImageIO.framework/Versions/A/ImageIO
0x00007fff49ec2000 	/System/Library/PrivateFrameworks/Backup.framework/Versions/A/Backup
0x00007fff5f024000 	/usr/lib/libarchive.2.dylib
0x00007fff3878e000 	/System/Library/Frameworks/CFNetwork.framework/Versions/A/CFNetwork
0x00007fff45b6c000 	/System/Library/Frameworks/SystemConfiguration.framework/Versions/A/SystemConfiguration
0x00007fff5eb39000 	/usr/lib/libCRFSuite.dylib
0x00007fff5f1ac000 	/usr/lib/libc++.1.dylib
0x00007fff5f203000 	/usr/lib/libc++abi.dylib
0x00007fff61014000 	/usr/lib/system/libcache.dylib
0x00007fff61019000 	/usr/lib/system/libcommonCrypto.dylib
0x00007fff61024000 	/usr/lib/system/libcompiler_rt.dylib
0x00007fff6102c000 	/usr/lib/system/libcopyfile.dylib
0x00007fff61035000 	/usr/lib/system/libcorecrypto.dylib
0x00007fff61142000 	/usr/lib/system/libdispatch.dylib
0x00007fff6117c000 	/usr/lib/system/libdyld.dylib
0x00007fff6119a000 	/usr/lib/system/libkeymgr.dylib
0x00007fff611a8000 	/usr/lib/system/liblaunch.dylib
0x00007fff611a9000 	/usr/lib/system/libmacho.dylib
0x00007fff611ae000 	/usr/lib/system/libquarantine.dylib
0x00007fff611b1000 	/usr/lib/system/libremovefile.dylib
0x00007fff611b3000 	/usr/lib/system/libsystem_asl.dylib
0x00007fff611cb000 	/usr/lib/system/libsystem_blocks.dylib
0x00007fff611cc000 	/usr/lib/system/libsystem_c.dylib
0x00007fff61256000 	/usr/lib/system/libsystem_configuration.dylib
0x00007fff6125a000 	/usr/lib/system/libsystem_coreservices.dylib
0x00007fff6125e000 	/usr/lib/system/libsystem_darwin.dylib
0x00007fff61260000 	/usr/lib/system/libsystem_dnssd.dylib
0x00007fff61267000 	/usr/lib/system/libsystem_info.dylib
0x00007fff612d7000 	/usr/lib/system/libsystem_m.dylib
0x00007fff61323000 	/usr/lib/system/libsystem_malloc.dylib
0x00007fff61343000 	/usr/lib/system/libsystem_network.dylib
0x00007fff613e8000 	/usr/lib/system/libsystem_networkextension.dylib
0x00007fff613f3000 	/usr/lib/system/libsystem_notify.dylib
0x00007fff61411000 	/usr/lib/system/libsystem_sandbox.dylib
0x00007fff61415000 	/usr/lib/system/libsystem_secinit.dylib
0x00007fff612b1000 	/usr/lib/system/libsystem_kernel.dylib
0x00007fff613fd000 	/usr/lib/system/libsystem_platform.dylib
0x00007fff61405000 	/usr/lib/system/libsystem_pthread.dylib
0x00007fff61417000 	/usr/lib/system/libsystem_symptoms.dylib
0x00007fff6141f000 	/usr/lib/system/libsystem_trace.dylib
0x00007fff61434000 	/usr/lib/system/libunwind.dylib
0x00007fff6143a000 	/usr/lib/system/libxpc.dylib
0x00007fff5ea66000 	/usr/lib/closure/libclosured.dylib
0x00007fff5f18d000 	/usr/lib/libbsm.0.dylib
0x00007fff6119b000 	/usr/lib/system/libkxld.dylib
0x00007fff5ee4a000 	/usr/lib/libOpenScriptingUtil.dylib
0x00007fff5f4fd000 	/usr/lib/libcoretls.dylib
0x00007fff5f516000 	/usr/lib/libcoretls_cfhelpers.dylib
0x00007fff6097a000 	/usr/lib/libpam.2.dylib
0x00007fff60aa0000 	/usr/lib/libsqlite3.dylib
0x00007fff60e42000 	/usr/lib/libxar.1.dylib
0x00007fff5f19e000 	/usr/lib/libbz2.1.0.dylib
0x00007fff5ff4b000 	/usr/lib/liblzma.5.dylib
0x00007fff6042c000 	/usr/lib/libnetwork.dylib
0x00007fff5f00d000 	/usr/lib/libapple_nghttp2.dylib
0x00007fff60981000 	/usr/lib/libpcap.A.dylib
0x00007fff5f0d5000 	/usr/lib/libboringssl.dylib
0x00007fff60e04000 	/usr/lib/libusrtcp.dylib
0x00007fff5f00c000 	/usr/lib/libapple_crypto.dylib
0x00007fff3acb0000 	/System/Library/Frameworks/CoreServices.framework/Versions/A/Frameworks/FSEvents.framework/Versions/A/FSEvents
0x00007fff3a9a3000 	/System/Library/Frameworks/CoreServices.framework/Versions/A/Frameworks/CarbonCore.framework/Versions/A/CarbonCore
0x00007fff3ae72000 	/System/Library/Frameworks/CoreServices.framework/Versions/A/Frameworks/Metadata.framework/Versions/A/Metadata
0x00007fff3af22000 	/System/Library/Frameworks/CoreServices.framework/Versions/A/Frameworks/OSServices.framework/Versions/A/OSServices
0x00007fff3af80000 	/System/Library/Frameworks/CoreServices.framework/Versions/A/Frameworks/SearchKit.framework/Versions/A/SearchKit
0x00007fff3a92e000 	/System/Library/Frameworks/CoreServices.framework/Versions/A/Frameworks/AE.framework/Versions/A/AE
0x00007fff3acb9000 	/System/Library/Frameworks/CoreServices.framework/Versions/A/Frameworks/LaunchServices.framework/Versions/A/LaunchServices
0x00007fff3ac7b000 	/System/Library/Frameworks/CoreServices.framework/Versions/A/Frameworks/DictionaryServices.framework/Versions/A/DictionaryServices
0x00007fff3afef000 	/System/Library/Frameworks/CoreServices.framework/Versions/A/Frameworks/SharedFileList.framework/Versions/A/SharedFileList
0x00007fff3efa6000 	/System/Library/Frameworks/NetFS.framework/Versions/A/NetFS
0x00007fff55185000 	/System/Library/PrivateFrameworks/NetAuth.framework/Versions/A/NetAuth
0x00007fff5e900000 	/System/Library/PrivateFrameworks/login.framework/Versions/A/Frameworks/loginsupport.framework/Versions/A/loginsupport
0x00007fff5cc82000 	/System/Library/PrivateFrameworks/TCC.framework/Versions/A/TCC
0x00007fff6002c000 	/usr/lib/libmecabra.dylib
0x00007fff37ca3000 	/System/Library/Frameworks/ApplicationServices.framework/Versions/A/Frameworks/ATS.framework/Versions/A/ATS
0x00007fff38051000 	/System/Library/Frameworks/ApplicationServices.framework/Versions/A/Frameworks/ColorSyncLegacy.framework/Versions/A/ColorSyncLegacy
0x00007fff380f5000 	/System/Library/Frameworks/ApplicationServices.framework/Versions/A/Frameworks/HIServices.framework/Versions/A/HIServices
0x00007fff38148000 	/System/Library/Frameworks/ApplicationServices.framework/Versions/A/Frameworks/LangAnalysis.framework/Versions/A/LangAnalysis
0x00007fff38157000 	/System/Library/Frameworks/ApplicationServices.framework/Versions/A/Frameworks/PrintCore.framework/Versions/A/PrintCore
0x00007fff381a4000 	/System/Library/Frameworks/ApplicationServices.framework/Versions/A/Frameworks/QD.framework/Versions/A/QD
0x00007fff381df000 	/System/Library/Frameworks/ApplicationServices.framework/Versions/A/Frameworks/SpeechSynthesis.framework/Versions/A/SpeechSynthesis
0x00007fff39700000 	/System/Library/Frameworks/CoreDisplay.framework/Versions/A/CoreDisplay
0x00007fff35dcc000 	/System/Library/Frameworks/Accelerate.framework/Versions/A/Frameworks/vImage.framework/Versions/A/vImage
0x00007fff36b03000 	/System/Library/Frameworks/Accelerate.framework/Versions/A/Frameworks/vecLib.framework/Versions/A/vecLib
0x00007fff368a5000 	/System/Library/Frameworks/Accelerate.framework/Versions/A/Frameworks/vecLib.framework/Versions/A/libvDSP.dylib
0x00007fff36426000 	/System/Library/Frameworks/Accelerate.framework/Versions/A/Frameworks/vecLib.framework/Versions/A/libBNNS.dylib
0x00007fff3682c000 	/System/Library/Frameworks/Accelerate.framework/Versions/A/Frameworks/vecLib.framework/Versions/A/libQuadrature.dylib
0x00007fff36a52000 	/System/Library/Frameworks/Accelerate.framework/Versions/A/Frameworks/vecLib.framework/Versions/A/libvMisc.dylib
0x00007fff36455000 	/System/Library/Frameworks/Accelerate.framework/Versions/A/Frameworks/vecLib.framework/Versions/A/libLAPACK.dylib
0x00007fff362cb000 	/System/Library/Frameworks/Accelerate.framework/Versions/A/Frameworks/vecLib.framework/Versions/A/libBLAS.dylib
0x00007fff36816000 	/System/Library/Frameworks/Accelerate.framework/Versions/A/Frameworks/vecLib.framework/Versions/A/libLinearAlgebra.dylib
0x00007fff36832000 	/System/Library/Frameworks/Accelerate.framework/Versions/A/Frameworks/vecLib.framework/Versions/A/libSparse.dylib
0x00007fff36891000 	/System/Library/Frameworks/Accelerate.framework/Versions/A/Frameworks/vecLib.framework/Versions/A/libSparseBLAS.dylib
0x00007fff53823000 	/System/Library/PrivateFrameworks/IOAccelerator.framework/Versions/A/IOAccelerator
0x00007fff5382e000 	/System/Library/PrivateFrameworks/IOPresentment.framework/Versions/A/IOPresentment
0x00007fff4da01000 	/System/Library/PrivateFrameworks/DSExternalDisplay.framework/Versions/A/DSExternalDisplay
0x00007fff42f9b000 	/System/Library/Frameworks/OpenGL.framework/Versions/A/Libraries/libCoreFSCache.dylib
0x00007fff3b3fd000 	/System/Library/Frameworks/CoreVideo.framework/Versions/A/CoreVideo
0x00007fff52e76000 	/System/Library/PrivateFrameworks/GraphVisualizer.framework/Versions/A/GraphVisualizer
0x00007fff3df9d000 	/System/Library/Frameworks/MetalPerformanceShaders.framework/Versions/A/MetalPerformanceShaders
0x00007fff5ec48000 	/usr/lib/libFosl_dynamic.dylib
0x00007fff4ea34000 	/System/Library/PrivateFrameworks/FaceCore.framework/Versions/A/FaceCore
0x00007fff41da3000 	/System/Library/Frameworks/OpenCL.framework/Versions/A/OpenCL
0x00007fff5f23a000 	/usr/lib/libcompression.dylib
0x00007fff37da2000 	/System/Library/Frameworks/ApplicationServices.framework/Versions/A/Frameworks/ATS.framework/Versions/A/Resources/libFontParser.dylib
0x00007fff37ec5000 	/System/Library/Frameworks/ApplicationServices.framework/Versions/A/Frameworks/ATS.framework/Versions/A/Resources/libFontRegistry.dylib
0x00007fff3c33d000 	/System/Library/Frameworks/ImageIO.framework/Versions/A/Resources/libJPEG.dylib
0x00007fff3c666000 	/System/Library/Frameworks/ImageIO.framework/Versions/A/Resources/libTIFF.dylib
0x00007fff3c63c000 	/System/Library/Frameworks/ImageIO.framework/Versions/A/Resources/libPng.dylib
0x00007fff3c250000 	/System/Library/Frameworks/ImageIO.framework/Versions/A/Resources/libGIF.dylib
0x00007fff3c255000 	/System/Library/Frameworks/ImageIO.framework/Versions/A/Resources/libJP2.dylib
0x00007fff3c663000 	/System/Library/Frameworks/ImageIO.framework/Versions/A/Resources/libRadiance.dylib
0x00007fff49623000 	/System/Library/PrivateFrameworks/AppleJPEG.framework/Versions/A/AppleJPEG
0x00007fff54c6e000 	/System/Library/PrivateFrameworks/MetalTools.framework/Versions/A/MetalTools
0x00007fff3de76000 	/System/Library/Frameworks/MetalPerformanceShaders.framework/Frameworks/MPSCore.framework/Versions/A/MPSCore
0x00007fff3de8c000 	/System/Library/Frameworks/MetalPerformanceShaders.framework/Frameworks/MPSImage.framework/Versions/A/MPSImage
0x00007fff3def8000 	/System/Library/Frameworks/MetalPerformanceShaders.framework/Frameworks/MPSMatrix.framework/Versions/A/MPSMatrix
0x00007fff3df1c000 	/System/Library/Frameworks/MetalPerformanceShaders.framework/Frameworks/MPSNeuralNetwork.framework/Versions/A/MPSNeuralNetwork
0x00007fff43163000 	/System/Library/Frameworks/OpenGL.framework/Versions/A/Libraries/libGLU.dylib
0x00007fff42fa5000 	/System/Library/Frameworks/OpenGL.framework/Versions/A/Libraries/libGFXShared.dylib
0x00007fff42fae000 	/System/Library/Frameworks/OpenGL.framework/Versions/A/Libraries/libGL.dylib
0x00007fff42fba000 	/System/Library/Frameworks/OpenGL.framework/Versions/A/Libraries/libGLImage.dylib
0x00007fff42f98000 	/System/Library/Frameworks/OpenGL.framework/Versions/A/Libraries/libCVMSPluginSupport.dylib
0x00007fff42fa0000 	/System/Library/Frameworks/OpenGL.framework/Versions/A/Libraries/libCoreVMClient.dylib
0x00007fff5f9e7000 	/usr/lib/libcups.2.dylib
0x00007fff3d442000 	/System/Library/Frameworks/Kerberos.framework/Versions/A/Kerberos
0x00007fff3bd38000 	/System/Library/Frameworks/GSS.framework/Versions/A/GSS
0x00007fff60a34000 	/usr/lib/libresolv.9.dylib
0x00007fff5fbe3000 	/usr/lib/libiconv.2.dylib
0x00007fff52efd000 	/System/Library/PrivateFrameworks/Heimdal.framework/Versions/A/Heimdal
0x00007fff5fbb2000 	/usr/lib/libheimdal-asn1.dylib
0x00007fff41e0e000 	/System/Library/Frameworks/OpenDirectory.framework/Versions/A/OpenDirectory
0x00007fff4b8d9000 	/System/Library/PrivateFrameworks/CommonAuth.framework/Versions/A/CommonAuth
0x00007fff41df1000 	/System/Library/Frameworks/OpenDirectory.framework/Versions/A/Frameworks/CFOpenDirectory.framework/Versions/A/CFOpenDirectory
0x00007fff45708000 	/System/Library/Frameworks/SecurityFoundation.framework/Versions/A/SecurityFoundation
0x00007fff4880f000 	/System/Library/PrivateFrameworks/APFS.framework/Versions/A/APFS
0x00007fff60e3e000 	/usr/lib/libutil.dylib
0x00007fff496a6000 	/System/Library/PrivateFrameworks/AppleSauce.framework/Versions/A/AppleSauce
0x00007fff54005000 	/System/Library/PrivateFrameworks/LinguisticData.framework/Versions/A/LinguisticData
0x00007fff5ff65000 	/usr/lib/libmarisa.dylib
0x00007fff53fbf000 	/System/Library/PrivateFrameworks/Lexicon.framework/Versions/A/Lexicon
0x00007fff5eb73000 	/usr/lib/libChineseTokenizer.dylib
0x00007fff5f229000 	/usr/lib/libcmph.dylib
0x00007fff53ec9000 	/System/Library/PrivateFrameworks/LanguageModeling.framework/Versions/A/LanguageModeling
0x00007fff4c2ef000 	/System/Library/PrivateFrameworks/CoreEmoji.framework/Versions/A/CoreEmoji
0x00007fff457c4000 	/System/Library/Frameworks/ServiceManagement.framework/Versions/A/ServiceManagement
0x00007fff49eba000 	/System/Library/PrivateFrameworks/BackgroundTaskManagement.framework/Versions/A/BackgroundTaskManagement
0x00007fff60f3b000 	/usr/lib/libxslt.1.dylib
0x00007fff38e4a000 	/System/Library/Frameworks/Carbon.framework/Versions/A/Frameworks/Ink.framework/Versions/A/Ink
0x00007fff5ce96000 	/System/Library/PrivateFrameworks/TextureIO.framework/Versions/A/TextureIO
0x00007fff5f04f000 	/usr/lib/libate.dylib
0x00007fff4d963000 	/System/Library/PrivateFrameworks/CrashReporterSupport.framework/Versions/A/CrashReporterSupport
0x00007fff5a2e9000 	/System/Library/PrivateFrameworks/Sharing.framework/Versions/A/Sharing
0x00007fff53c0f000 	/System/Library/PrivateFrameworks/IconServices.framework/Versions/A/IconServices
0x00007fff587ae000 	/System/Library/PrivateFrameworks/ProtocolBuffer.framework/Versions/A/ProtocolBuffer
0x00007fff494ae000 	/System/Library/PrivateFrameworks/Apple80211.framework/Versions/A/Apple80211
0x00007fff3b438000 	/System/Library/Frameworks/CoreWLAN.framework/Versions/A/CoreWLAN
0x00007fff4d79e000 	/System/Library/PrivateFrameworks/CoreUtils.framework/Versions/A/CoreUtils
0x00007fff3be7a000 	/System/Library/Frameworks/IOBluetooth.framework/Versions/A/IOBluetooth
0x00007fff4d8fe000 	/System/Library/PrivateFrameworks/CoreWiFi.framework/Versions/A/CoreWiFi
0x00007fff39381000 	/System/Library/Frameworks/CoreBluetooth.framework/Versions/A/CoreBluetooth
0x00007fff5a424000 	/System/Library/PrivateFrameworks/SignpostNotification.framework/Versions/A/SignpostNotification
0x00007fff4db4f000 	/System/Library/PrivateFrameworks/DebugSymbols.framework/Versions/A/DebugSymbols
0x00007fff4d555000 	/System/Library/PrivateFrameworks/CoreSymbolication.framework/Versions/A/CoreSymbolication
0x00007fff5c70c000 	/System/Library/PrivateFrameworks/Symbolication.framework/Versions/A/Symbolication
0x00007fff494d8000 	/System/Library/PrivateFrameworks/AppleFSCompression.framework/Versions/A/AppleFSCompression
0x00007fff5bb6d000 	/System/Library/PrivateFrameworks/SpeechRecognitionCore.framework/Versions/A/SpeechRecognitionCore
0x0000000104a00000 	/Library/Java/JavaVirtualMachines/jdk1.8.0_181.jdk/Contents/Home/jre/lib/server/libjvm.dylib
0x00007fff60d35000 	/usr/lib/libstdc++.6.0.9.dylib
0x00000001059b4000 	/Library/Java/JavaVirtualMachines/jdk1.8.0_181.jdk/Contents/Home/jre/lib/libverify.dylib
0x00000001059c2000 	/Library/Java/JavaVirtualMachines/jdk1.8.0_181.jdk/Contents/Home/jre/lib/libjava.dylib
0x00000001059f9000 	/Library/Java/JavaVirtualMachines/jdk1.8.0_181.jdk/Contents/Home/jre/lib/libjdwp.dylib
0x0000000105a44000 	/Library/Java/JavaVirtualMachines/jdk1.8.0_181.jdk/Contents/Home/jre/lib/libnpt.dylib
0x0000000105a48000 	/Library/Java/JavaVirtualMachines/jdk1.8.0_181.jdk/Contents/Home/jre/lib/libinstrument.dylib
0x0000000105ae6000 	/Library/Java/JavaVirtualMachines/jdk1.8.0_181.jdk/Contents/Home/jre/lib/libzip.dylib
0x000000010846d000 	/Library/Java/JavaVirtualMachines/jdk1.8.0_181.jdk/Contents/Home/jre/lib/libdt_socket.dylib

VM Arguments:
jvm_args: -agentlib:jdwp=transport=dt_socket,address=127.0.0.1:54687,suspend=y,server=n -ea -Didea.test.cyclic.buffer.size=1048576 -javaagent:/Users/george/Library/Caches/IdeaIC2018.2/captureAgent/debugger-agent.jar=file:/private/var/folders/mz/hp_mpw014nn03rf1vsnrvsvc0000gn/T/capture.props -Dfile.encoding=UTF-8 
java_command: com.intellij.rt.execution.junit.JUnitStarter -ideVersion5 -junit4 TestAnimatorModelImpl
java_class_path (initial): /Applications/IntelliJ IDEA CE.app/Contents/lib/idea_rt.jar:/Applications/IntelliJ IDEA CE.app/Contents/plugins/junit/lib/junit-rt.jar:/Applications/IntelliJ IDEA CE.app/Contents/plugins/junit/lib/junit5-rt.jar:/Library/Java/JavaVirtualMachines/jdk1.8.0_181.jdk/Contents/Home/jre/lib/charsets.jar:/Library/Java/JavaVirtualMachines/jdk1.8.0_181.jdk/Contents/Home/jre/lib/deploy.jar:/Library/Java/JavaVirtualMachines/jdk1.8.0_181.jdk/Contents/Home/jre/lib/ext/cldrdata.jar:/Library/Java/JavaVirtualMachines/jdk1.8.0_181.jdk/Contents/Home/jre/lib/ext/dnsns.jar:/Library/Java/JavaVirtualMachines/jdk1.8.0_181.jdk/Contents/Home/jre/lib/ext/jaccess.jar:/Library/Java/JavaVirtualMachines/jdk1.8.0_181.jdk/Contents/Home/jre/lib/ext/jfxrt.jar:/Library/Java/JavaVirtualMachines/jdk1.8.0_181.jdk/Contents/Home/jre/lib/ext/localedata.jar:/Library/Java/JavaVirtualMachines/jdk1.8.0_181.jdk/Contents/Home/jre/lib/ext/nashorn.jar:/Library/Java/JavaVirtualMachines/jdk1.8.0_181.jdk/Contents/Home/jre/lib/ext/sunec.jar:/Library/Java/JavaVirtualMachines/jdk1.8.0_181.jdk/Contents/Home/jre/lib/ext/sunjce_provider.jar:/Library/Java/JavaVirtualMachines/jdk1.8.0_181.jdk/Contents/Home/jre/lib/ext/sunpkcs11.jar:/Library/Java/JavaVirtualMachines/jdk1.8.0_181.jdk/Contents/Home/jre/lib/ext/zipfs.jar:/Library/Java/JavaVirtualMachines/jdk1.8.0_181.jdk/Contents/Home/jre/lib/javaws.jar:/Library/Java/JavaVirtualMachines/jdk1.8.0_181.jdk/Contents/Home/jre/lib/jce.jar:/Library/Java/JavaVirtualMachines/jdk1.8.0_181.jdk/Contents/Home/jre/lib/jfr.jar:/Library/Java/JavaVirtualMachines/jdk1.8.0_181.jdk/Contents/Home/jre/lib/jfxswt.jar:/Library/Java/JavaVirtualMachines/jdk1.8.0_181.jdk/Contents/Home/jre/lib/jsse.jar:/Library/Java/JavaVirtualMachines/jdk1.8.0_181.jdk/Contents/Home/jre/lib/management-agent.jar:/Library/Java/JavaVirtualMachines/jdk1.8.0_181.jdk/Contents/Home/jre/lib/plugin.jar:/Library/Java/JavaVirtualMachines/jdk1.8.0_181.jdk/Contents/Home/jre/lib/resources.jar:/Library/Java/Jav
Launcher Type: SUN_STANDARD

Environment Variables:
PATH=/anaconda3/bin:/usr/local/bin:/usr/bin:/bin:/usr/sbin:/sbin
SHELL=/bin/bash

Signal Handlers:
SIGSEGV: [libjvm.dylib+0x5b6029], sa_mask[0]=11111111011111110111111111111111, sa_flags=SA_ONSTACK|SA_RESTART|SA_SIGINFO
SIGBUS: [libjvm.dylib+0x5b6029], sa_mask[0]=11111111011111110111111111111111, sa_flags=SA_RESTART|SA_SIGINFO
SIGFPE: [libjvm.dylib+0x48b934], sa_mask[0]=11111111011111110111111111111111, sa_flags=SA_RESTART|SA_SIGINFO
SIGPIPE: [libjvm.dylib+0x48b934], sa_mask[0]=11111111011111110111111111111111, sa_flags=SA_RESTART|SA_SIGINFO
SIGXFSZ: [libjvm.dylib+0x48b934], sa_mask[0]=11111111011111110111111111111111, sa_flags=SA_RESTART|SA_SIGINFO
SIGILL: [libjvm.dylib+0x48b934], sa_mask[0]=11111111011111110111111111111111, sa_flags=SA_RESTART|SA_SIGINFO
SIGUSR1: SIG_DFL, sa_mask[0]=00000000000000000000000000000000, sa_flags=none
SIGUSR2: [libjvm.dylib+0x48b452], sa_mask[0]=00100000000000000000000000000000, sa_flags=SA_RESTART|SA_SIGINFO
SIGHUP: [libjvm.dylib+0x489a1d], sa_mask[0]=11111111011111110111111111111111, sa_flags=SA_RESTART|SA_SIGINFO
SIGINT: [libjvm.dylib+0x489a1d], sa_mask[0]=11111111011111110111111111111111, sa_flags=SA_RESTART|SA_SIGINFO
SIGTERM: [libjvm.dylib+0x489a1d], sa_mask[0]=11111111011111110111111111111111, sa_flags=SA_RESTART|SA_SIGINFO
SIGQUIT: [libjvm.dylib+0x489a1d], sa_mask[0]=11111111011111110111111111111111, sa_flags=SA_RESTART|SA_SIGINFO


---------------  S Y S T E M  ---------------

OS:Bsduname:Darwin 17.4.0 Darwin Kernel Version 17.4.0: Sun Dec 17 09:19:54 PST 2017; root:xnu-4570.41.2~1/RELEASE_X86_64 x86_64
rlimit: STACK 8192k, CORE 0k, NPROC 709, NOFILE 10240, AS infinity
load average:5.24 4.72 4.30

CPU:total 4 (initial active 4) (2 cores per cpu, 2 threads per core) family 6 model 61 stepping 4, cmov, cx8, fxsr, mmx, sse, sse2, sse3, ssse3, sse4.1, sse4.2, popcnt, avx, avx2, aes, clmul, erms, 3dnowpref, lzcnt, ht, tsc, tscinvbit, bmi1, bmi2, adx

Memory: 4k page, physical 8388608k(193028k free)

/proc/meminfo:


vm_info: Java HotSpot(TM) 64-Bit Server VM (25.181-b13) for bsd-amd64 JRE (1.8.0_181-b13), built on Jul  7 2018 01:02:31 by "java_re" with gcc 4.2.1 (Based on Apple Inc. build 5658) (LLVM build 2336.11.00)

time: Tue Oct 30 19:48:41 2018
elapsed time: 987 seconds (0d 0h 16m 27s)

